{
  "meta": {
    "format": 3,
    "version": "7.11.1",
    "timestamp": "2025-11-10T00:33:51.332531",
    "branch_coverage": false,
    "show_contexts": false
  },
  "files": {
    "src/ff_analytics_utils/__init__.py": {
      "executed_lines": [
        1,
        6,
        18,
        20
      ],
      "summary": {
        "covered_lines": 4,
        "num_statements": 4,
        "percent_covered": 100.0,
        "percent_covered_display": "100",
        "missing_lines": 0,
        "excluded_lines": 0
      },
      "missing_lines": [],
      "excluded_lines": [],
      "functions": {
        "": {
          "executed_lines": [
            1,
            6,
            18,
            20
          ],
          "summary": {
            "covered_lines": 4,
            "num_statements": 4,
            "percent_covered": 100.0,
            "percent_covered_display": "100",
            "missing_lines": 0,
            "excluded_lines": 0
          },
          "missing_lines": [],
          "excluded_lines": []
        }
      },
      "classes": {
        "": {
          "executed_lines": [
            1,
            6,
            18,
            20
          ],
          "summary": {
            "covered_lines": 4,
            "num_statements": 4,
            "percent_covered": 100.0,
            "percent_covered_display": "100",
            "missing_lines": 0,
            "excluded_lines": 0
          },
          "missing_lines": [],
          "excluded_lines": []
        }
      }
    },
    "src/ff_analytics_utils/duckdb_helper.py": {
      "executed_lines": [
        1,
        3,
        5,
        6,
        7,
        8,
        9,
        11,
        12,
        14,
        17,
        20,
        22,
        24,
        25,
        26,
        30,
        34,
        35,
        38,
        39,
        43,
        44,
        45,
        47,
        50,
        61,
        68,
        79,
        81,
        82,
        83,
        84,
        85,
        88,
        108,
        109,
        113,
        114,
        115,
        116,
        117,
        118,
        119,
        120
      ],
      "summary": {
        "covered_lines": 44,
        "num_statements": 49,
        "percent_covered": 89.79591836734694,
        "percent_covered_display": "90",
        "missing_lines": 5,
        "excluded_lines": 0
      },
      "missing_lines": [
        23,
        27,
        62,
        110,
        111
      ],
      "excluded_lines": [],
      "functions": {
        "resolve_duckdb_path": {
          "executed_lines": [
            22,
            24,
            25,
            26
          ],
          "summary": {
            "covered_lines": 4,
            "num_statements": 6,
            "percent_covered": 66.66666666666667,
            "percent_covered_display": "67",
            "missing_lines": 2,
            "excluded_lines": 0
          },
          "missing_lines": [
            23,
            27
          ],
          "excluded_lines": []
        },
        "get_duckdb_connection": {
          "executed_lines": [
            34,
            35
          ],
          "summary": {
            "covered_lines": 2,
            "num_statements": 2,
            "percent_covered": 100.0,
            "percent_covered_display": "100",
            "missing_lines": 0,
            "excluded_lines": 0
          },
          "missing_lines": [],
          "excluded_lines": []
        },
        "duckdb_cursor": {
          "executed_lines": [
            43,
            44,
            45,
            47
          ],
          "summary": {
            "covered_lines": 4,
            "num_statements": 4,
            "percent_covered": 100.0,
            "percent_covered_display": "100",
            "missing_lines": 0,
            "excluded_lines": 0
          },
          "missing_lines": [],
          "excluded_lines": []
        },
        "_validate_sql_identifier": {
          "executed_lines": [
            61
          ],
          "summary": {
            "covered_lines": 1,
            "num_statements": 2,
            "percent_covered": 50.0,
            "percent_covered_display": "50",
            "missing_lines": 1,
            "excluded_lines": 0
          },
          "missing_lines": [
            62
          ],
          "excluded_lines": []
        },
        "_quote_identifier": {
          "executed_lines": [
            79,
            81,
            82,
            83,
            84,
            85
          ],
          "summary": {
            "covered_lines": 6,
            "num_statements": 6,
            "percent_covered": 100.0,
            "percent_covered_display": "100",
            "missing_lines": 0,
            "excluded_lines": 0
          },
          "missing_lines": [],
          "excluded_lines": []
        },
        "fetch_table_as_polars": {
          "executed_lines": [
            108,
            109,
            113,
            114,
            115,
            116,
            117,
            118,
            119,
            120
          ],
          "summary": {
            "covered_lines": 10,
            "num_statements": 12,
            "percent_covered": 83.33333333333333,
            "percent_covered_display": "83",
            "missing_lines": 2,
            "excluded_lines": 0
          },
          "missing_lines": [
            110,
            111
          ],
          "excluded_lines": []
        },
        "": {
          "executed_lines": [
            1,
            3,
            5,
            6,
            7,
            8,
            9,
            11,
            12,
            14,
            17,
            20,
            30,
            38,
            39,
            50,
            68,
            88
          ],
          "summary": {
            "covered_lines": 17,
            "num_statements": 17,
            "percent_covered": 100.0,
            "percent_covered_display": "100",
            "missing_lines": 0,
            "excluded_lines": 0
          },
          "missing_lines": [],
          "excluded_lines": []
        }
      },
      "classes": {
        "": {
          "executed_lines": [
            1,
            3,
            5,
            6,
            7,
            8,
            9,
            11,
            12,
            14,
            17,
            20,
            22,
            24,
            25,
            26,
            30,
            34,
            35,
            38,
            39,
            43,
            44,
            45,
            47,
            50,
            61,
            68,
            79,
            81,
            82,
            83,
            84,
            85,
            88,
            108,
            109,
            113,
            114,
            115,
            116,
            117,
            118,
            119,
            120
          ],
          "summary": {
            "covered_lines": 44,
            "num_statements": 49,
            "percent_covered": 89.79591836734694,
            "percent_covered_display": "90",
            "missing_lines": 5,
            "excluded_lines": 0
          },
          "missing_lines": [
            23,
            27,
            62,
            110,
            111
          ],
          "excluded_lines": []
        }
      }
    },
    "src/ff_analytics_utils/google_drive_helper.py": {
      "executed_lines": [
        2,
        3,
        5,
        8,
        14,
        22,
        36,
        53,
        61,
        68,
        133,
        156,
        169
      ],
      "summary": {
        "covered_lines": 13,
        "num_statements": 82,
        "percent_covered": 15.853658536585366,
        "percent_covered_display": "16",
        "missing_lines": 69,
        "excluded_lines": 0
      },
      "missing_lines": [
        11,
        19,
        27,
        28,
        30,
        31,
        32,
        33,
        45,
        47,
        48,
        50,
        56,
        57,
        58,
        63,
        64,
        65,
        75,
        78,
        79,
        86,
        93,
        94,
        103,
        110,
        111,
        112,
        113,
        116,
        123,
        129,
        130,
        138,
        139,
        140,
        142,
        147,
        148,
        150,
        161,
        163,
        164,
        165,
        166,
        180,
        181,
        184,
        185,
        188,
        191,
        192,
        194,
        195,
        197,
        203,
        212,
        213,
        220,
        221,
        223,
        225,
        226,
        228,
        229,
        232,
        238,
        248,
        250
      ],
      "excluded_lines": [],
      "functions": {
        "build_drive": {
          "executed_lines": [],
          "summary": {
            "covered_lines": 0,
            "num_statements": 1,
            "percent_covered": 0.0,
            "percent_covered_display": "0",
            "missing_lines": 1,
            "excluded_lines": 0
          },
          "missing_lines": [
            11
          ],
          "excluded_lines": []
        },
        "is_shared_drive": {
          "executed_lines": [],
          "summary": {
            "covered_lines": 0,
            "num_statements": 1,
            "percent_covered": 0.0,
            "percent_covered_display": "0",
            "missing_lines": 1,
            "excluded_lines": 0
          },
          "missing_lines": [
            19
          ],
          "excluded_lines": []
        },
        "get_drive_info": {
          "executed_lines": [],
          "summary": {
            "covered_lines": 0,
            "num_statements": 6,
            "percent_covered": 0.0,
            "percent_covered_display": "0",
            "missing_lines": 6,
            "excluded_lines": 0
          },
          "missing_lines": [
            27,
            28,
            30,
            31,
            32,
            33
          ],
          "excluded_lines": []
        },
        "get_file_metadata": {
          "executed_lines": [],
          "summary": {
            "covered_lines": 0,
            "num_statements": 4,
            "percent_covered": 0.0,
            "percent_covered_display": "0",
            "missing_lines": 4,
            "excluded_lines": 0
          },
          "missing_lines": [
            45,
            47,
            48,
            50
          ],
          "excluded_lines": []
        },
        "parse_rfc3339": {
          "executed_lines": [],
          "summary": {
            "covered_lines": 0,
            "num_statements": 3,
            "percent_covered": 0.0,
            "percent_covered_display": "0",
            "missing_lines": 3,
            "excluded_lines": 0
          },
          "missing_lines": [
            56,
            57,
            58
          ],
          "excluded_lines": []
        },
        "get_file_modified_time_utc": {
          "executed_lines": [],
          "summary": {
            "covered_lines": 0,
            "num_statements": 3,
            "percent_covered": 0.0,
            "percent_covered_display": "0",
            "missing_lines": 3,
            "excluded_lines": 0
          },
          "missing_lines": [
            63,
            64,
            65
          ],
          "excluded_lines": []
        },
        "ensure_spreadsheet_in_folder": {
          "executed_lines": [],
          "summary": {
            "covered_lines": 0,
            "num_statements": 15,
            "percent_covered": 0.0,
            "percent_covered_display": "0",
            "missing_lines": 15,
            "excluded_lines": 0
          },
          "missing_lines": [
            75,
            78,
            79,
            86,
            93,
            94,
            103,
            110,
            111,
            112,
            113,
            116,
            123,
            129,
            130
          ],
          "excluded_lines": []
        },
        "move_file_to_folder": {
          "executed_lines": [],
          "summary": {
            "covered_lines": 0,
            "num_statements": 7,
            "percent_covered": 0.0,
            "percent_covered_display": "0",
            "missing_lines": 7,
            "excluded_lines": 0
          },
          "missing_lines": [
            138,
            139,
            140,
            142,
            147,
            148,
            150
          ],
          "excluded_lines": []
        },
        "folder_id_from_url": {
          "executed_lines": [],
          "summary": {
            "covered_lines": 0,
            "num_statements": 5,
            "percent_covered": 0.0,
            "percent_covered_display": "0",
            "missing_lines": 5,
            "excluded_lines": 0
          },
          "missing_lines": [
            161,
            163,
            164,
            165,
            166
          ],
          "excluded_lines": []
        },
        "ensure_folder": {
          "executed_lines": [],
          "summary": {
            "covered_lines": 0,
            "num_statements": 23,
            "percent_covered": 0.0,
            "percent_covered_display": "0",
            "missing_lines": 23,
            "excluded_lines": 0
          },
          "missing_lines": [
            180,
            184,
            185,
            188,
            191,
            192,
            194,
            195,
            197,
            203,
            212,
            213,
            220,
            221,
            223,
            225,
            226,
            228,
            229,
            232,
            238,
            248,
            250
          ],
          "excluded_lines": []
        },
        "ensure_folder._escape": {
          "executed_lines": [],
          "summary": {
            "covered_lines": 0,
            "num_statements": 1,
            "percent_covered": 0.0,
            "percent_covered_display": "0",
            "missing_lines": 1,
            "excluded_lines": 0
          },
          "missing_lines": [
            181
          ],
          "excluded_lines": []
        },
        "": {
          "executed_lines": [
            2,
            3,
            5,
            8,
            14,
            22,
            36,
            53,
            61,
            68,
            133,
            156,
            169
          ],
          "summary": {
            "covered_lines": 13,
            "num_statements": 13,
            "percent_covered": 100.0,
            "percent_covered_display": "100",
            "missing_lines": 0,
            "excluded_lines": 0
          },
          "missing_lines": [],
          "excluded_lines": []
        }
      },
      "classes": {
        "": {
          "executed_lines": [
            2,
            3,
            5,
            8,
            14,
            22,
            36,
            53,
            61,
            68,
            133,
            156,
            169
          ],
          "summary": {
            "covered_lines": 13,
            "num_statements": 82,
            "percent_covered": 15.853658536585366,
            "percent_covered_display": "16",
            "missing_lines": 69,
            "excluded_lines": 0
          },
          "missing_lines": [
            11,
            19,
            27,
            28,
            30,
            31,
            32,
            33,
            45,
            47,
            48,
            50,
            56,
            57,
            58,
            63,
            64,
            65,
            75,
            78,
            79,
            86,
            93,
            94,
            103,
            110,
            111,
            112,
            113,
            116,
            123,
            129,
            130,
            138,
            139,
            140,
            142,
            147,
            148,
            150,
            161,
            163,
            164,
            165,
            166,
            180,
            181,
            184,
            185,
            188,
            191,
            192,
            194,
            195,
            197,
            203,
            212,
            213,
            220,
            221,
            223,
            225,
            226,
            228,
            229,
            232,
            238,
            248,
            250
          ],
          "excluded_lines": []
        }
      }
    },
    "src/ff_analytics_utils/name_alias.py": {
      "executed_lines": [
        1,
        3,
        5,
        6,
        8,
        10,
        12,
        13,
        16,
        48,
        49,
        50,
        52,
        53,
        54
      ],
      "summary": {
        "covered_lines": 14,
        "num_statements": 26,
        "percent_covered": 53.84615384615385,
        "percent_covered_display": "54",
        "missing_lines": 12,
        "excluded_lines": 4
      },
      "missing_lines": [
        62,
        63,
        64,
        65,
        66,
        67,
        68,
        69,
        70,
        71,
        73,
        74
      ],
      "excluded_lines": [
        55,
        56,
        57,
        58
      ],
      "functions": {
        "get_name_alias": {
          "executed_lines": [
            48,
            49,
            50,
            52,
            53,
            54
          ],
          "summary": {
            "covered_lines": 6,
            "num_statements": 18,
            "percent_covered": 33.333333333333336,
            "percent_covered_display": "33",
            "missing_lines": 12,
            "excluded_lines": 4
          },
          "missing_lines": [
            62,
            63,
            64,
            65,
            66,
            67,
            68,
            69,
            70,
            71,
            73,
            74
          ],
          "excluded_lines": [
            55,
            56,
            57,
            58
          ]
        },
        "": {
          "executed_lines": [
            1,
            3,
            5,
            6,
            8,
            10,
            12,
            13,
            16
          ],
          "summary": {
            "covered_lines": 8,
            "num_statements": 8,
            "percent_covered": 100.0,
            "percent_covered_display": "100",
            "missing_lines": 0,
            "excluded_lines": 0
          },
          "missing_lines": [],
          "excluded_lines": []
        }
      },
      "classes": {
        "": {
          "executed_lines": [
            1,
            3,
            5,
            6,
            8,
            10,
            12,
            13,
            16,
            48,
            49,
            50,
            52,
            53,
            54
          ],
          "summary": {
            "covered_lines": 14,
            "num_statements": 26,
            "percent_covered": 53.84615384615385,
            "percent_covered_display": "54",
            "missing_lines": 12,
            "excluded_lines": 4
          },
          "missing_lines": [
            62,
            63,
            64,
            65,
            66,
            67,
            68,
            69,
            70,
            71,
            73,
            74
          ],
          "excluded_lines": [
            55,
            56,
            57,
            58
          ]
        }
      }
    },
    "src/ff_analytics_utils/player_xref.py": {
      "executed_lines": [
        1,
        3,
        5,
        6,
        7,
        8,
        9,
        11,
        13,
        14,
        16,
        17,
        18,
        21,
        42,
        43,
        44,
        46,
        47,
        48,
        49,
        50,
        51,
        52,
        56,
        57,
        58,
        59,
        63,
        64,
        65,
        83,
        85,
        86,
        87,
        88,
        89,
        90,
        91,
        93,
        94,
        95,
        97,
        100,
        101,
        104,
        105,
        106,
        107,
        111,
        112,
        114,
        115,
        116
      ],
      "summary": {
        "covered_lines": 49,
        "num_statements": 64,
        "percent_covered": 76.5625,
        "percent_covered_display": "77",
        "missing_lines": 15,
        "excluded_lines": 4
      },
      "missing_lines": [
        60,
        66,
        67,
        68,
        69,
        70,
        74,
        75,
        92,
        98,
        108,
        113,
        117,
        118,
        119
      ],
      "excluded_lines": [
        49,
        50,
        51,
        52
      ],
      "functions": {
        "get_player_xref": {
          "executed_lines": [
            42,
            43,
            44,
            46,
            47,
            48,
            49,
            50,
            51,
            52,
            56,
            57,
            58,
            59,
            63,
            64,
            65
          ],
          "summary": {
            "covered_lines": 13,
            "num_statements": 21,
            "percent_covered": 61.904761904761905,
            "percent_covered_display": "62",
            "missing_lines": 8,
            "excluded_lines": 4
          },
          "missing_lines": [
            60,
            66,
            67,
            68,
            69,
            70,
            74,
            75
          ],
          "excluded_lines": [
            49,
            50,
            51,
            52
          ]
        },
        "_latest_parquet_uri": {
          "executed_lines": [
            85,
            86,
            87,
            88,
            89,
            90,
            91,
            93,
            94,
            95,
            97,
            100,
            101
          ],
          "summary": {
            "covered_lines": 13,
            "num_statements": 15,
            "percent_covered": 86.66666666666667,
            "percent_covered_display": "87",
            "missing_lines": 2,
            "excluded_lines": 0
          },
          "missing_lines": [
            92,
            98
          ],
          "excluded_lines": []
        },
        "_extract_partition": {
          "executed_lines": [
            105,
            106,
            107
          ],
          "summary": {
            "covered_lines": 3,
            "num_statements": 4,
            "percent_covered": 75.0,
            "percent_covered_display": "75",
            "missing_lines": 1,
            "excluded_lines": 0
          },
          "missing_lines": [
            108
          ],
          "excluded_lines": []
        },
        "_parse_dt": {
          "executed_lines": [
            112,
            114,
            115,
            116
          ],
          "summary": {
            "covered_lines": 4,
            "num_statements": 8,
            "percent_covered": 50.0,
            "percent_covered_display": "50",
            "missing_lines": 4,
            "excluded_lines": 0
          },
          "missing_lines": [
            113,
            117,
            118,
            119
          ],
          "excluded_lines": []
        },
        "": {
          "executed_lines": [
            1,
            3,
            5,
            6,
            7,
            8,
            9,
            11,
            13,
            14,
            16,
            17,
            18,
            21,
            83,
            104,
            111
          ],
          "summary": {
            "covered_lines": 16,
            "num_statements": 16,
            "percent_covered": 100.0,
            "percent_covered_display": "100",
            "missing_lines": 0,
            "excluded_lines": 0
          },
          "missing_lines": [],
          "excluded_lines": []
        }
      },
      "classes": {
        "": {
          "executed_lines": [
            1,
            3,
            5,
            6,
            7,
            8,
            9,
            11,
            13,
            14,
            16,
            17,
            18,
            21,
            42,
            43,
            44,
            46,
            47,
            48,
            49,
            50,
            51,
            52,
            56,
            57,
            58,
            59,
            63,
            64,
            65,
            83,
            85,
            86,
            87,
            88,
            89,
            90,
            91,
            93,
            94,
            95,
            97,
            100,
            101,
            104,
            105,
            106,
            107,
            111,
            112,
            114,
            115,
            116
          ],
          "summary": {
            "covered_lines": 49,
            "num_statements": 64,
            "percent_covered": 76.5625,
            "percent_covered_display": "77",
            "missing_lines": 15,
            "excluded_lines": 4
          },
          "missing_lines": [
            60,
            66,
            67,
            68,
            69,
            70,
            74,
            75,
            92,
            98,
            108,
            113,
            117,
            118,
            119
          ],
          "excluded_lines": [
            49,
            50,
            51,
            52
          ]
        }
      }
    },
    "src/ingest/__init__.py": {
      "executed_lines": [
        0
      ],
      "summary": {
        "covered_lines": 0,
        "num_statements": 0,
        "percent_covered": 100.0,
        "percent_covered_display": "100",
        "missing_lines": 0,
        "excluded_lines": 0
      },
      "missing_lines": [],
      "excluded_lines": [],
      "functions": {
        "": {
          "executed_lines": [],
          "summary": {
            "covered_lines": 0,
            "num_statements": 0,
            "percent_covered": 100.0,
            "percent_covered_display": "100",
            "missing_lines": 0,
            "excluded_lines": 0
          },
          "missing_lines": [],
          "excluded_lines": []
        }
      },
      "classes": {
        "": {
          "executed_lines": [],
          "summary": {
            "covered_lines": 0,
            "num_statements": 0,
            "percent_covered": 100.0,
            "percent_covered_display": "100",
            "missing_lines": 0,
            "excluded_lines": 0
          },
          "missing_lines": [],
          "excluded_lines": []
        }
      }
    },
    "src/ingest/common/storage.py": {
      "executed_lines": [
        1,
        15,
        17,
        18,
        19,
        20,
        21,
        22,
        24,
        25,
        26,
        27,
        34,
        36,
        39,
        49,
        53,
        54,
        55,
        70,
        71,
        72,
        74,
        75,
        78,
        80,
        82,
        85,
        87,
        90,
        91,
        92,
        95,
        144,
        160,
        162,
        165,
        166,
        167,
        168,
        170,
        175,
        177,
        180,
        181,
        182,
        183,
        184,
        185,
        186
      ],
      "summary": {
        "covered_lines": 45,
        "num_statements": 88,
        "percent_covered": 51.13636363636363,
        "percent_covered_display": "51",
        "missing_lines": 43,
        "excluded_lines": 16
      },
      "missing_lines": [
        44,
        45,
        46,
        56,
        58,
        60,
        61,
        62,
        63,
        64,
        65,
        67,
        81,
        105,
        108,
        109,
        111,
        112,
        115,
        116,
        118,
        119,
        122,
        123,
        124,
        125,
        127,
        128,
        130,
        131,
        133,
        138,
        139,
        140,
        141,
        152,
        153,
        154,
        155,
        156,
        157,
        171,
        172
      ],
      "excluded_lines": [
        28,
        29,
        30,
        31,
        87,
        88,
        102,
        103,
        134,
        135,
        149,
        150,
        162,
        163,
        177,
        178
      ],
      "functions": {
        "is_gcs_uri": {
          "executed_lines": [
            36
          ],
          "summary": {
            "covered_lines": 1,
            "num_statements": 1,
            "percent_covered": 100.0,
            "percent_covered_display": "100",
            "missing_lines": 0,
            "excluded_lines": 0
          },
          "missing_lines": [],
          "excluded_lines": []
        },
        "_ensure_local_dir_for_uri": {
          "executed_lines": [],
          "summary": {
            "covered_lines": 0,
            "num_statements": 3,
            "percent_covered": 0.0,
            "percent_covered_display": "0",
            "missing_lines": 3,
            "excluded_lines": 0
          },
          "missing_lines": [
            44,
            45,
            46
          ],
          "excluded_lines": []
        },
        "_maybe_stage_inline_gcs_key": {
          "executed_lines": [
            53,
            54,
            55
          ],
          "summary": {
            "covered_lines": 3,
            "num_statements": 12,
            "percent_covered": 25.0,
            "percent_covered_display": "25",
            "missing_lines": 9,
            "excluded_lines": 0
          },
          "missing_lines": [
            56,
            58,
            60,
            61,
            62,
            63,
            64,
            65,
            67
          ],
          "excluded_lines": []
        },
        "_normalize_uri": {
          "executed_lines": [
            80,
            82
          ],
          "summary": {
            "covered_lines": 2,
            "num_statements": 3,
            "percent_covered": 66.66666666666667,
            "percent_covered_display": "67",
            "missing_lines": 1,
            "excluded_lines": 0
          },
          "missing_lines": [
            81
          ],
          "excluded_lines": []
        },
        "_filesystem_and_path": {
          "executed_lines": [
            87,
            90,
            91,
            92
          ],
          "summary": {
            "covered_lines": 3,
            "num_statements": 3,
            "percent_covered": 100.0,
            "percent_covered_display": "100",
            "missing_lines": 0,
            "excluded_lines": 2
          },
          "missing_lines": [],
          "excluded_lines": [
            87,
            88
          ]
        },
        "write_parquet_any": {
          "executed_lines": [],
          "summary": {
            "covered_lines": 0,
            "num_statements": 22,
            "percent_covered": 0.0,
            "percent_covered_display": "0",
            "missing_lines": 22,
            "excluded_lines": 4
          },
          "missing_lines": [
            105,
            108,
            109,
            111,
            112,
            115,
            116,
            118,
            119,
            122,
            123,
            124,
            125,
            127,
            128,
            130,
            131,
            133,
            138,
            139,
            140,
            141
          ],
          "excluded_lines": [
            102,
            103,
            134,
            135
          ]
        },
        "write_text_sidecar": {
          "executed_lines": [],
          "summary": {
            "covered_lines": 0,
            "num_statements": 6,
            "percent_covered": 0.0,
            "percent_covered_display": "0",
            "missing_lines": 6,
            "excluded_lines": 2
          },
          "missing_lines": [
            152,
            153,
            154,
            155,
            156,
            157
          ],
          "excluded_lines": [
            149,
            150
          ]
        },
        "read_parquet_any": {
          "executed_lines": [
            162,
            165,
            166,
            167,
            168,
            170
          ],
          "summary": {
            "covered_lines": 5,
            "num_statements": 7,
            "percent_covered": 71.42857142857143,
            "percent_covered_display": "71",
            "missing_lines": 2,
            "excluded_lines": 2
          },
          "missing_lines": [
            171,
            172
          ],
          "excluded_lines": [
            162,
            163
          ]
        },
        "list_uri_contents": {
          "executed_lines": [
            177,
            180,
            181,
            182,
            183,
            184,
            185,
            186
          ],
          "summary": {
            "covered_lines": 7,
            "num_statements": 7,
            "percent_covered": 100.0,
            "percent_covered_display": "100",
            "missing_lines": 0,
            "excluded_lines": 2
          },
          "missing_lines": [],
          "excluded_lines": [
            177,
            178
          ]
        },
        "": {
          "executed_lines": [
            1,
            15,
            17,
            18,
            19,
            20,
            21,
            22,
            24,
            25,
            26,
            27,
            34,
            39,
            49,
            70,
            71,
            72,
            74,
            75,
            78,
            85,
            95,
            144,
            160,
            175
          ],
          "summary": {
            "covered_lines": 24,
            "num_statements": 24,
            "percent_covered": 100.0,
            "percent_covered_display": "100",
            "missing_lines": 0,
            "excluded_lines": 4
          },
          "missing_lines": [],
          "excluded_lines": [
            28,
            29,
            30,
            31
          ]
        }
      },
      "classes": {
        "UriEntry": {
          "executed_lines": [],
          "summary": {
            "covered_lines": 0,
            "num_statements": 0,
            "percent_covered": 100.0,
            "percent_covered_display": "100",
            "missing_lines": 0,
            "excluded_lines": 0
          },
          "missing_lines": [],
          "excluded_lines": []
        },
        "": {
          "executed_lines": [
            1,
            15,
            17,
            18,
            19,
            20,
            21,
            22,
            24,
            25,
            26,
            27,
            34,
            36,
            39,
            49,
            53,
            54,
            55,
            70,
            71,
            72,
            74,
            75,
            78,
            80,
            82,
            85,
            87,
            90,
            91,
            92,
            95,
            144,
            160,
            162,
            165,
            166,
            167,
            168,
            170,
            175,
            177,
            180,
            181,
            182,
            183,
            184,
            185,
            186
          ],
          "summary": {
            "covered_lines": 45,
            "num_statements": 88,
            "percent_covered": 51.13636363636363,
            "percent_covered_display": "51",
            "missing_lines": 43,
            "excluded_lines": 16
          },
          "missing_lines": [
            44,
            45,
            46,
            56,
            58,
            60,
            61,
            62,
            63,
            64,
            65,
            67,
            81,
            105,
            108,
            109,
            111,
            112,
            115,
            116,
            118,
            119,
            122,
            123,
            124,
            125,
            127,
            128,
            130,
            131,
            133,
            138,
            139,
            140,
            141,
            152,
            153,
            154,
            155,
            156,
            157,
            171,
            172
          ],
          "excluded_lines": [
            28,
            29,
            30,
            31,
            87,
            88,
            102,
            103,
            134,
            135,
            149,
            150,
            162,
            163,
            177,
            178
          ]
        }
      }
    },
    "src/ingest/ffanalytics/__init__.py": {
      "executed_lines": [],
      "summary": {
        "covered_lines": 0,
        "num_statements": 2,
        "percent_covered": 0.0,
        "percent_covered_display": "0",
        "missing_lines": 2,
        "excluded_lines": 0
      },
      "missing_lines": [
        6,
        8
      ],
      "excluded_lines": [],
      "functions": {
        "": {
          "executed_lines": [],
          "summary": {
            "covered_lines": 0,
            "num_statements": 2,
            "percent_covered": 0.0,
            "percent_covered_display": "0",
            "missing_lines": 2,
            "excluded_lines": 0
          },
          "missing_lines": [
            6,
            8
          ],
          "excluded_lines": []
        }
      },
      "classes": {
        "": {
          "executed_lines": [],
          "summary": {
            "covered_lines": 0,
            "num_statements": 2,
            "percent_covered": 0.0,
            "percent_covered_display": "0",
            "missing_lines": 2,
            "excluded_lines": 0
          },
          "missing_lines": [
            6,
            8
          ],
          "excluded_lines": []
        }
      }
    },
    "src/ingest/ffanalytics/loader.py": {
      "executed_lines": [],
      "summary": {
        "covered_lines": 0,
        "num_statements": 200,
        "percent_covered": 0.0,
        "percent_covered_display": "0",
        "missing_lines": 200,
        "excluded_lines": 6
      },
      "missing_lines": [
        13,
        15,
        16,
        17,
        18,
        19,
        20,
        21,
        23,
        28,
        29,
        30,
        31,
        33,
        34,
        35,
        36,
        43,
        48,
        51,
        52,
        53,
        56,
        64,
        66,
        69,
        71,
        74,
        76,
        77,
        78,
        79,
        80,
        83,
        85,
        86,
        87,
        90,
        106,
        107,
        108,
        109,
        110,
        111,
        113,
        114,
        115,
        116,
        118,
        127,
        141,
        142,
        144,
        145,
        146,
        148,
        149,
        151,
        152,
        153,
        154,
        155,
        156,
        158,
        161,
        203,
        204,
        205,
        208,
        209,
        211,
        212,
        215,
        216,
        236,
        237,
        247,
        250,
        251,
        253,
        255,
        256,
        262,
        263,
        266,
        280,
        281,
        283,
        284,
        285,
        286,
        288,
        289,
        290,
        302,
        308,
        316,
        319,
        321,
        322,
        323,
        324,
        325,
        327,
        329,
        330,
        331,
        332,
        334,
        335,
        336,
        337,
        339,
        342,
        414,
        415,
        417,
        418,
        420,
        421,
        423,
        424,
        425,
        427,
        428,
        429,
        431,
        432,
        433,
        434,
        437,
        438,
        441,
        442,
        443,
        444,
        447,
        448,
        453,
        455,
        456,
        459,
        460,
        462,
        463,
        465,
        466,
        468,
        469,
        470,
        473,
        475,
        478,
        499,
        500,
        501,
        503,
        504,
        505,
        506,
        508,
        511,
        519,
        520,
        522,
        523,
        528,
        529,
        530,
        539,
        546,
        547,
        553,
        554,
        555,
        556,
        559,
        635,
        636,
        637,
        640,
        641,
        644,
        645,
        647,
        648,
        652,
        660,
        662,
        663,
        664,
        665,
        668,
        680,
        682,
        683,
        684,
        685,
        686,
        687
      ],
      "excluded_lines": [
        25,
        26,
        516,
        517,
        540,
        541
      ],
      "functions": {
        "_get_repo_root": {
          "executed_lines": [],
          "summary": {
            "covered_lines": 0,
            "num_statements": 1,
            "percent_covered": 0.0,
            "percent_covered_display": "0",
            "missing_lines": 1,
            "excluded_lines": 0
          },
          "missing_lines": [
            66
          ],
          "excluded_lines": []
        },
        "_get_current_season": {
          "executed_lines": [],
          "summary": {
            "covered_lines": 0,
            "num_statements": 1,
            "percent_covered": 0.0,
            "percent_covered_display": "0",
            "missing_lines": 1,
            "excluded_lines": 0
          },
          "missing_lines": [
            71
          ],
          "excluded_lines": []
        },
        "_normalize_sources": {
          "executed_lines": [],
          "summary": {
            "covered_lines": 0,
            "num_statements": 5,
            "percent_covered": 0.0,
            "percent_covered_display": "0",
            "missing_lines": 5,
            "excluded_lines": 0
          },
          "missing_lines": [
            76,
            77,
            78,
            79,
            80
          ],
          "excluded_lines": []
        },
        "_normalize_positions": {
          "executed_lines": [],
          "summary": {
            "covered_lines": 0,
            "num_statements": 3,
            "percent_covered": 0.0,
            "percent_covered_display": "0",
            "missing_lines": 3,
            "excluded_lines": 0
          },
          "missing_lines": [
            85,
            86,
            87
          ],
          "excluded_lines": []
        },
        "_parse_manifest_from_stdout": {
          "executed_lines": [],
          "summary": {
            "covered_lines": 0,
            "num_statements": 12,
            "percent_covered": 0.0,
            "percent_covered_display": "0",
            "missing_lines": 12,
            "excluded_lines": 0
          },
          "missing_lines": [
            106,
            107,
            108,
            109,
            110,
            111,
            113,
            114,
            115,
            116,
            118,
            127
          ],
          "excluded_lines": []
        },
        "_player_xref_csv": {
          "executed_lines": [],
          "summary": {
            "covered_lines": 0,
            "num_statements": 12,
            "percent_covered": 0.0,
            "percent_covered_display": "0",
            "missing_lines": 12,
            "excluded_lines": 0
          },
          "missing_lines": [
            144,
            145,
            146,
            148,
            149,
            151,
            152,
            153,
            154,
            155,
            156,
            158
          ],
          "excluded_lines": []
        },
        "load_projections": {
          "executed_lines": [],
          "summary": {
            "covered_lines": 0,
            "num_statements": 19,
            "percent_covered": 0.0,
            "percent_covered_display": "0",
            "missing_lines": 19,
            "excluded_lines": 0
          },
          "missing_lines": [
            203,
            204,
            205,
            208,
            209,
            211,
            212,
            215,
            216,
            236,
            237,
            247,
            250,
            251,
            253,
            255,
            256,
            262,
            263
          ],
          "excluded_lines": []
        },
        "_scrape_week_projections": {
          "executed_lines": [],
          "summary": {
            "covered_lines": 0,
            "num_statements": 28,
            "percent_covered": 0.0,
            "percent_covered_display": "0",
            "missing_lines": 28,
            "excluded_lines": 0
          },
          "missing_lines": [
            280,
            281,
            283,
            284,
            285,
            286,
            288,
            289,
            290,
            302,
            308,
            316,
            319,
            321,
            322,
            323,
            324,
            325,
            327,
            329,
            330,
            331,
            332,
            334,
            335,
            336,
            337,
            339
          ],
          "excluded_lines": []
        },
        "load_projections_multi_week": {
          "executed_lines": [],
          "summary": {
            "covered_lines": 0,
            "num_statements": 47,
            "percent_covered": 0.0,
            "percent_covered_display": "0",
            "missing_lines": 47,
            "excluded_lines": 0
          },
          "missing_lines": [
            414,
            415,
            417,
            418,
            420,
            421,
            423,
            424,
            425,
            427,
            428,
            429,
            431,
            432,
            433,
            434,
            437,
            438,
            441,
            442,
            443,
            444,
            447,
            448,
            453,
            455,
            456,
            459,
            460,
            462,
            463,
            465,
            466,
            468,
            469,
            470,
            473,
            475,
            478,
            499,
            500,
            501,
            503,
            504,
            505,
            506,
            508
          ],
          "excluded_lines": []
        },
        "_get_current_week": {
          "executed_lines": [],
          "summary": {
            "covered_lines": 0,
            "num_statements": 14,
            "percent_covered": 0.0,
            "percent_covered_display": "0",
            "missing_lines": 14,
            "excluded_lines": 4
          },
          "missing_lines": [
            519,
            520,
            522,
            523,
            528,
            529,
            530,
            539,
            546,
            547,
            553,
            554,
            555,
            556
          ],
          "excluded_lines": [
            516,
            517,
            540,
            541
          ]
        },
        "load_projections_ros": {
          "executed_lines": [],
          "summary": {
            "covered_lines": 0,
            "num_statements": 16,
            "percent_covered": 0.0,
            "percent_covered_display": "0",
            "missing_lines": 16,
            "excluded_lines": 0
          },
          "missing_lines": [
            635,
            636,
            637,
            640,
            641,
            644,
            645,
            647,
            648,
            652,
            660,
            662,
            663,
            664,
            665,
            668
          ],
          "excluded_lines": []
        },
        "_coerce_numeric_columns": {
          "executed_lines": [],
          "summary": {
            "covered_lines": 0,
            "num_statements": 6,
            "percent_covered": 0.0,
            "percent_covered_display": "0",
            "missing_lines": 6,
            "excluded_lines": 0
          },
          "missing_lines": [
            682,
            683,
            684,
            685,
            686,
            687
          ],
          "excluded_lines": []
        },
        "": {
          "executed_lines": [],
          "summary": {
            "covered_lines": 0,
            "num_statements": 36,
            "percent_covered": 0.0,
            "percent_covered_display": "0",
            "missing_lines": 36,
            "excluded_lines": 2
          },
          "missing_lines": [
            13,
            15,
            16,
            17,
            18,
            19,
            20,
            21,
            23,
            28,
            29,
            30,
            31,
            33,
            34,
            35,
            36,
            43,
            48,
            51,
            52,
            53,
            56,
            64,
            69,
            74,
            83,
            90,
            141,
            142,
            161,
            266,
            342,
            511,
            559,
            680
          ],
          "excluded_lines": [
            25,
            26
          ]
        }
      },
      "classes": {
        "": {
          "executed_lines": [],
          "summary": {
            "covered_lines": 0,
            "num_statements": 200,
            "percent_covered": 0.0,
            "percent_covered_display": "0",
            "missing_lines": 200,
            "excluded_lines": 6
          },
          "missing_lines": [
            13,
            15,
            16,
            17,
            18,
            19,
            20,
            21,
            23,
            28,
            29,
            30,
            31,
            33,
            34,
            35,
            36,
            43,
            48,
            51,
            52,
            53,
            56,
            64,
            66,
            69,
            71,
            74,
            76,
            77,
            78,
            79,
            80,
            83,
            85,
            86,
            87,
            90,
            106,
            107,
            108,
            109,
            110,
            111,
            113,
            114,
            115,
            116,
            118,
            127,
            141,
            142,
            144,
            145,
            146,
            148,
            149,
            151,
            152,
            153,
            154,
            155,
            156,
            158,
            161,
            203,
            204,
            205,
            208,
            209,
            211,
            212,
            215,
            216,
            236,
            237,
            247,
            250,
            251,
            253,
            255,
            256,
            262,
            263,
            266,
            280,
            281,
            283,
            284,
            285,
            286,
            288,
            289,
            290,
            302,
            308,
            316,
            319,
            321,
            322,
            323,
            324,
            325,
            327,
            329,
            330,
            331,
            332,
            334,
            335,
            336,
            337,
            339,
            342,
            414,
            415,
            417,
            418,
            420,
            421,
            423,
            424,
            425,
            427,
            428,
            429,
            431,
            432,
            433,
            434,
            437,
            438,
            441,
            442,
            443,
            444,
            447,
            448,
            453,
            455,
            456,
            459,
            460,
            462,
            463,
            465,
            466,
            468,
            469,
            470,
            473,
            475,
            478,
            499,
            500,
            501,
            503,
            504,
            505,
            506,
            508,
            511,
            519,
            520,
            522,
            523,
            528,
            529,
            530,
            539,
            546,
            547,
            553,
            554,
            555,
            556,
            559,
            635,
            636,
            637,
            640,
            641,
            644,
            645,
            647,
            648,
            652,
            660,
            662,
            663,
            664,
            665,
            668,
            680,
            682,
            683,
            684,
            685,
            686,
            687
          ],
          "excluded_lines": [
            25,
            26,
            516,
            517,
            540,
            541
          ]
        }
      }
    },
    "src/ingest/ffanalytics/registry.py": {
      "executed_lines": [],
      "summary": {
        "covered_lines": 0,
        "num_statements": 5,
        "percent_covered": 0.0,
        "percent_covered_display": "0",
        "missing_lines": 5,
        "excluded_lines": 0
      },
      "missing_lines": [
        11,
        43,
        56,
        57,
        60
      ],
      "excluded_lines": [],
      "functions": {
        "get_dataset_info": {
          "executed_lines": [],
          "summary": {
            "covered_lines": 0,
            "num_statements": 3,
            "percent_covered": 0.0,
            "percent_covered_display": "0",
            "missing_lines": 3,
            "excluded_lines": 0
          },
          "missing_lines": [
            56,
            57,
            60
          ],
          "excluded_lines": []
        },
        "": {
          "executed_lines": [],
          "summary": {
            "covered_lines": 0,
            "num_statements": 2,
            "percent_covered": 0.0,
            "percent_covered_display": "0",
            "missing_lines": 2,
            "excluded_lines": 0
          },
          "missing_lines": [
            11,
            43
          ],
          "excluded_lines": []
        }
      },
      "classes": {
        "": {
          "executed_lines": [],
          "summary": {
            "covered_lines": 0,
            "num_statements": 5,
            "percent_covered": 0.0,
            "percent_covered_display": "0",
            "missing_lines": 5,
            "excluded_lines": 0
          },
          "missing_lines": [
            11,
            43,
            56,
            57,
            60
          ],
          "excluded_lines": []
        }
      }
    },
    "src/ingest/ktc/__init__.py": {
      "executed_lines": [],
      "summary": {
        "covered_lines": 0,
        "num_statements": 0,
        "percent_covered": 100.0,
        "percent_covered_display": "100",
        "missing_lines": 0,
        "excluded_lines": 0
      },
      "missing_lines": [],
      "excluded_lines": [],
      "functions": {
        "": {
          "executed_lines": [],
          "summary": {
            "covered_lines": 0,
            "num_statements": 0,
            "percent_covered": 100.0,
            "percent_covered_display": "100",
            "missing_lines": 0,
            "excluded_lines": 0
          },
          "missing_lines": [],
          "excluded_lines": []
        }
      },
      "classes": {
        "": {
          "executed_lines": [],
          "summary": {
            "covered_lines": 0,
            "num_statements": 0,
            "percent_covered": 100.0,
            "percent_covered_display": "100",
            "missing_lines": 0,
            "excluded_lines": 0
          },
          "missing_lines": [],
          "excluded_lines": []
        }
      }
    },
    "src/ingest/ktc/client.py": {
      "executed_lines": [],
      "summary": {
        "covered_lines": 0,
        "num_statements": 111,
        "percent_covered": 0.0,
        "percent_covered_display": "0",
        "missing_lines": 111,
        "excluded_lines": 0
      },
      "missing_lines": [
        1,
        3,
        4,
        5,
        6,
        7,
        8,
        9,
        10,
        12,
        13,
        15,
        17,
        18,
        21,
        22,
        32,
        33,
        34,
        35,
        36,
        37,
        39,
        41,
        43,
        44,
        45,
        46,
        47,
        49,
        51,
        52,
        53,
        54,
        55,
        57,
        59,
        60,
        61,
        64,
        65,
        66,
        68,
        69,
        71,
        73,
        74,
        75,
        77,
        78,
        80,
        82,
        83,
        85,
        86,
        87,
        88,
        90,
        93,
        94,
        95,
        96,
        98,
        99,
        101,
        107,
        110,
        111,
        112,
        115,
        116,
        119,
        121,
        123,
        139,
        143,
        144,
        147,
        149,
        150,
        151,
        152,
        153,
        155,
        169,
        171,
        187,
        190,
        191,
        192,
        193,
        194,
        195,
        196,
        199,
        201,
        202,
        203,
        204,
        205,
        207,
        208,
        209,
        211,
        225,
        228,
        233,
        235,
        236,
        237,
        238
      ],
      "excluded_lines": [],
      "functions": {
        "KTCClient._polite_delay": {
          "executed_lines": [],
          "summary": {
            "covered_lines": 0,
            "num_statements": 5,
            "percent_covered": 0.0,
            "percent_covered_display": "0",
            "missing_lines": 5,
            "excluded_lines": 0
          },
          "missing_lines": [
            43,
            44,
            45,
            46,
            47
          ],
          "excluded_lines": []
        },
        "KTCClient._get_cache_path": {
          "executed_lines": [],
          "summary": {
            "covered_lines": 0,
            "num_statements": 5,
            "percent_covered": 0.0,
            "percent_covered_display": "0",
            "missing_lines": 5,
            "excluded_lines": 0
          },
          "missing_lines": [
            51,
            52,
            53,
            54,
            55
          ],
          "excluded_lines": []
        },
        "KTCClient._load_from_cache": {
          "executed_lines": [],
          "summary": {
            "covered_lines": 0,
            "num_statements": 8,
            "percent_covered": 0.0,
            "percent_covered_display": "0",
            "missing_lines": 8,
            "excluded_lines": 0
          },
          "missing_lines": [
            59,
            60,
            61,
            64,
            65,
            66,
            68,
            69
          ],
          "excluded_lines": []
        },
        "KTCClient._save_to_cache": {
          "executed_lines": [],
          "summary": {
            "covered_lines": 0,
            "num_statements": 5,
            "percent_covered": 0.0,
            "percent_covered_display": "0",
            "missing_lines": 5,
            "excluded_lines": 0
          },
          "missing_lines": [
            73,
            74,
            75,
            77,
            78
          ],
          "excluded_lines": []
        },
        "KTCClient._fetch_rankings_html": {
          "executed_lines": [],
          "summary": {
            "covered_lines": 0,
            "num_statements": 6,
            "percent_covered": 0.0,
            "percent_covered_display": "0",
            "missing_lines": 6,
            "excluded_lines": 0
          },
          "missing_lines": [
            82,
            83,
            85,
            86,
            87,
            88
          ],
          "excluded_lines": []
        },
        "KTCClient._extract_players_array": {
          "executed_lines": [],
          "summary": {
            "covered_lines": 0,
            "num_statements": 6,
            "percent_covered": 0.0,
            "percent_covered_display": "0",
            "missing_lines": 6,
            "excluded_lines": 0
          },
          "missing_lines": [
            93,
            94,
            95,
            96,
            98,
            99
          ],
          "excluded_lines": []
        },
        "KTCClient.fetch_all_rankings": {
          "executed_lines": [],
          "summary": {
            "covered_lines": 0,
            "num_statements": 8,
            "percent_covered": 0.0,
            "percent_covered_display": "0",
            "missing_lines": 8,
            "excluded_lines": 0
          },
          "missing_lines": [
            107,
            110,
            111,
            112,
            115,
            116,
            119,
            121
          ],
          "excluded_lines": []
        },
        "KTCClient.fetch_players": {
          "executed_lines": [],
          "summary": {
            "covered_lines": 0,
            "num_statements": 11,
            "percent_covered": 0.0,
            "percent_covered_display": "0",
            "missing_lines": 11,
            "excluded_lines": 0
          },
          "missing_lines": [
            139,
            143,
            144,
            147,
            149,
            150,
            151,
            152,
            153,
            155,
            169
          ],
          "excluded_lines": []
        },
        "KTCClient.fetch_picks": {
          "executed_lines": [],
          "summary": {
            "covered_lines": 0,
            "num_statements": 19,
            "percent_covered": 0.0,
            "percent_covered_display": "0",
            "missing_lines": 19,
            "excluded_lines": 0
          },
          "missing_lines": [
            187,
            190,
            191,
            192,
            193,
            194,
            195,
            196,
            199,
            201,
            202,
            203,
            204,
            205,
            207,
            208,
            209,
            211,
            225
          ],
          "excluded_lines": []
        },
        "write_partitioned": {
          "executed_lines": [],
          "summary": {
            "covered_lines": 0,
            "num_statements": 5,
            "percent_covered": 0.0,
            "percent_covered_display": "0",
            "missing_lines": 5,
            "excluded_lines": 0
          },
          "missing_lines": [
            233,
            235,
            236,
            237,
            238
          ],
          "excluded_lines": []
        },
        "": {
          "executed_lines": [],
          "summary": {
            "covered_lines": 0,
            "num_statements": 33,
            "percent_covered": 0.0,
            "percent_covered_display": "0",
            "missing_lines": 33,
            "excluded_lines": 0
          },
          "missing_lines": [
            1,
            3,
            4,
            5,
            6,
            7,
            8,
            9,
            10,
            12,
            13,
            15,
            17,
            18,
            21,
            22,
            32,
            33,
            34,
            35,
            36,
            37,
            39,
            41,
            49,
            57,
            71,
            80,
            90,
            101,
            123,
            171,
            228
          ],
          "excluded_lines": []
        }
      },
      "classes": {
        "KTCClient": {
          "executed_lines": [],
          "summary": {
            "covered_lines": 0,
            "num_statements": 73,
            "percent_covered": 0.0,
            "percent_covered_display": "0",
            "missing_lines": 73,
            "excluded_lines": 0
          },
          "missing_lines": [
            43,
            44,
            45,
            46,
            47,
            51,
            52,
            53,
            54,
            55,
            59,
            60,
            61,
            64,
            65,
            66,
            68,
            69,
            73,
            74,
            75,
            77,
            78,
            82,
            83,
            85,
            86,
            87,
            88,
            93,
            94,
            95,
            96,
            98,
            99,
            107,
            110,
            111,
            112,
            115,
            116,
            119,
            121,
            139,
            143,
            144,
            147,
            149,
            150,
            151,
            152,
            153,
            155,
            169,
            187,
            190,
            191,
            192,
            193,
            194,
            195,
            196,
            199,
            201,
            202,
            203,
            204,
            205,
            207,
            208,
            209,
            211,
            225
          ],
          "excluded_lines": []
        },
        "": {
          "executed_lines": [],
          "summary": {
            "covered_lines": 0,
            "num_statements": 38,
            "percent_covered": 0.0,
            "percent_covered_display": "0",
            "missing_lines": 38,
            "excluded_lines": 0
          },
          "missing_lines": [
            1,
            3,
            4,
            5,
            6,
            7,
            8,
            9,
            10,
            12,
            13,
            15,
            17,
            18,
            21,
            22,
            32,
            33,
            34,
            35,
            36,
            37,
            39,
            41,
            49,
            57,
            71,
            80,
            90,
            101,
            123,
            171,
            228,
            233,
            235,
            236,
            237,
            238
          ],
          "excluded_lines": []
        }
      }
    },
    "src/ingest/ktc/registry.py": {
      "executed_lines": [],
      "summary": {
        "covered_lines": 0,
        "num_statements": 36,
        "percent_covered": 0.0,
        "percent_covered_display": "0",
        "missing_lines": 36,
        "excluded_lines": 0
      },
      "missing_lines": [
        3,
        5,
        6,
        8,
        9,
        12,
        26,
        42,
        47,
        49,
        50,
        53,
        54,
        55,
        57,
        60,
        71,
        72,
        74,
        75,
        77,
        85,
        101,
        106,
        108,
        109,
        112,
        113,
        114,
        116,
        119,
        130,
        131,
        133,
        134,
        136
      ],
      "excluded_lines": [],
      "functions": {
        "load_players": {
          "executed_lines": [],
          "summary": {
            "covered_lines": 0,
            "num_statements": 14,
            "percent_covered": 0.0,
            "percent_covered_display": "0",
            "missing_lines": 14,
            "excluded_lines": 0
          },
          "missing_lines": [
            42,
            47,
            49,
            50,
            53,
            54,
            55,
            57,
            60,
            71,
            72,
            74,
            75,
            77
          ],
          "excluded_lines": []
        },
        "load_picks": {
          "executed_lines": [],
          "summary": {
            "covered_lines": 0,
            "num_statements": 14,
            "percent_covered": 0.0,
            "percent_covered_display": "0",
            "missing_lines": 14,
            "excluded_lines": 0
          },
          "missing_lines": [
            101,
            106,
            108,
            109,
            112,
            113,
            114,
            116,
            119,
            130,
            131,
            133,
            134,
            136
          ],
          "excluded_lines": []
        },
        "": {
          "executed_lines": [],
          "summary": {
            "covered_lines": 0,
            "num_statements": 8,
            "percent_covered": 0.0,
            "percent_covered_display": "0",
            "missing_lines": 8,
            "excluded_lines": 0
          },
          "missing_lines": [
            3,
            5,
            6,
            8,
            9,
            12,
            26,
            85
          ],
          "excluded_lines": []
        }
      },
      "classes": {
        "": {
          "executed_lines": [],
          "summary": {
            "covered_lines": 0,
            "num_statements": 36,
            "percent_covered": 0.0,
            "percent_covered_display": "0",
            "missing_lines": 36,
            "excluded_lines": 0
          },
          "missing_lines": [
            3,
            5,
            6,
            8,
            9,
            12,
            26,
            42,
            47,
            49,
            50,
            53,
            54,
            55,
            57,
            60,
            71,
            72,
            74,
            75,
            77,
            85,
            101,
            106,
            108,
            109,
            112,
            113,
            114,
            116,
            119,
            130,
            131,
            133,
            134,
            136
          ],
          "excluded_lines": []
        }
      }
    },
    "src/ingest/sheets/commissioner_parser.py": {
      "executed_lines": [
        1,
        22,
        24,
        25,
        26,
        27,
        28,
        30,
        32,
        33,
        35,
        47,
        48,
        49,
        58,
        59,
        60,
        61,
        62,
        65,
        66,
        67,
        68,
        71,
        72,
        73,
        74,
        78,
        80,
        81,
        82,
        86,
        88,
        89,
        90,
        91,
        92,
        93,
        94,
        95,
        96,
        97,
        98,
        99,
        102,
        103,
        109,
        111,
        112,
        113,
        114,
        116,
        119,
        120,
        122,
        123,
        126,
        127,
        129,
        130,
        132,
        133,
        134,
        135,
        136,
        138,
        139,
        141,
        144,
        146,
        147,
        150,
        151,
        153,
        154,
        155,
        157,
        158,
        160,
        161,
        162,
        163,
        164,
        165,
        166,
        167,
        168,
        170,
        171,
        203,
        204,
        223,
        224,
        242,
        245,
        271,
        272,
        273,
        275,
        276,
        277,
        280,
        296,
        297,
        298,
        300,
        301,
        303,
        305,
        306,
        307,
        310,
        311,
        312,
        315,
        316,
        317,
        319,
        330,
        333,
        335,
        336,
        337,
        338,
        339,
        342,
        346,
        350,
        354,
        357,
        363,
        364,
        365,
        366,
        367,
        370,
        371,
        372,
        373,
        381,
        398,
        401,
        402,
        403,
        404,
        407,
        413,
        414,
        417,
        418,
        420,
        421,
        423,
        424,
        426,
        427,
        428,
        429,
        430,
        432,
        435,
        446,
        447,
        448,
        449,
        450,
        451,
        452,
        453,
        454,
        455,
        457,
        460,
        480,
        484,
        487,
        500,
        501,
        502,
        503,
        505,
        508,
        521,
        522,
        525,
        528,
        531,
        534,
        561,
        564,
        567,
        568,
        569,
        570,
        573,
        574,
        575,
        577,
        580,
        581,
        582,
        585,
        586,
        587,
        588,
        590,
        591,
        595,
        598,
        620,
        623,
        643,
        646,
        670,
        672,
        673,
        675,
        676,
        677,
        679,
        680,
        682,
        683,
        685,
        687,
        688,
        690,
        698,
        709,
        710,
        711,
        714,
        716,
        717,
        720,
        722,
        723,
        725,
        726,
        727,
        730,
        731,
        733,
        737,
        745,
        748,
        750,
        751,
        755,
        757,
        758,
        759,
        760,
        762,
        768,
        779,
        780,
        786,
        800,
        803,
        807,
        808,
        809,
        810,
        812,
        813,
        815,
        827,
        828,
        829,
        830,
        831,
        835,
        839,
        840,
        845,
        847,
        853,
        860,
        871,
        875,
        880,
        904,
        906,
        908,
        915,
        926,
        930,
        933,
        951,
        953,
        959,
        961,
        970,
        972,
        973,
        974,
        978,
        979,
        981,
        986,
        988,
        991,
        995,
        997,
        1016,
        1030,
        1031,
        1034,
        1037,
        1044,
        1050,
        1057,
        1058,
        1066,
        1069,
        1070,
        1072,
        1073,
        1082,
        1093,
        1096,
        1097,
        1100,
        1101,
        1111,
        1123,
        1133,
        1136,
        1144,
        1147,
        1149,
        1150,
        1152,
        1158,
        1160,
        1184,
        1193,
        1205,
        1217,
        1255,
        1259,
        1264,
        1276,
        1341,
        1369,
        1393,
        1406,
        1463,
        1487,
        1516,
        1540,
        1569,
        1581
      ],
      "summary": {
        "covered_lines": 352,
        "num_statements": 478,
        "percent_covered": 73.64016736401673,
        "percent_covered_display": "74",
        "missing_lines": 126,
        "excluded_lines": 2
      },
      "missing_lines": [
        75,
        83,
        121,
        128,
        140,
        148,
        159,
        188,
        219,
        238,
        274,
        281,
        481,
        592,
        593,
        621,
        718,
        752,
        754,
        788,
        790,
        833,
        882,
        888,
        895,
        899,
        935,
        937,
        944,
        948,
        975,
        976,
        1060,
        1098,
        1301,
        1306,
        1311,
        1316,
        1323,
        1324,
        1325,
        1327,
        1342,
        1343,
        1344,
        1345,
        1366,
        1370,
        1371,
        1372,
        1373,
        1390,
        1395,
        1396,
        1397,
        1398,
        1399,
        1400,
        1401,
        1402,
        1403,
        1408,
        1418,
        1426,
        1431,
        1444,
        1460,
        1465,
        1469,
        1470,
        1484,
        1489,
        1513,
        1520,
        1522,
        1525,
        1526,
        1527,
        1528,
        1529,
        1530,
        1531,
        1532,
        1533,
        1534,
        1537,
        1545,
        1546,
        1547,
        1548,
        1549,
        1550,
        1551,
        1552,
        1553,
        1555,
        1556,
        1557,
        1558,
        1559,
        1560,
        1561,
        1562,
        1563,
        1564,
        1565,
        1566,
        1571,
        1572,
        1573,
        1575,
        1576,
        1578,
        1582,
        1583,
        1585,
        1586,
        1588,
        1598,
        1600,
        1601,
        1602,
        1603,
        1605,
        1620,
        1630
      ],
      "excluded_lines": [
        1074,
        1075
      ],
      "functions": {
        "_read_csv_rows": {
          "executed_lines": [
            66,
            67,
            68
          ],
          "summary": {
            "covered_lines": 3,
            "num_statements": 3,
            "percent_covered": 100.0,
            "percent_covered_display": "100",
            "missing_lines": 0,
            "excluded_lines": 0
          },
          "missing_lines": [],
          "excluded_lines": []
        },
        "_extract_gm_name": {
          "executed_lines": [
            72,
            73,
            74
          ],
          "summary": {
            "covered_lines": 3,
            "num_statements": 4,
            "percent_covered": 75.0,
            "percent_covered_display": "75",
            "missing_lines": 1,
            "excluded_lines": 0
          },
          "missing_lines": [
            75
          ],
          "excluded_lines": []
        },
        "_find_header_index": {
          "executed_lines": [
            80,
            81,
            82
          ],
          "summary": {
            "covered_lines": 3,
            "num_statements": 4,
            "percent_covered": 75.0,
            "percent_covered_display": "75",
            "missing_lines": 1,
            "excluded_lines": 0
          },
          "missing_lines": [
            83
          ],
          "excluded_lines": []
        },
        "_find_block_starts": {
          "executed_lines": [
            88,
            89,
            90,
            91,
            92,
            93,
            94,
            95,
            96,
            97,
            98,
            99
          ],
          "summary": {
            "covered_lines": 12,
            "num_statements": 12,
            "percent_covered": 100.0,
            "percent_covered_display": "100",
            "missing_lines": 0,
            "excluded_lines": 0
          },
          "missing_lines": [],
          "excluded_lines": []
        },
        "_slice_roster_row": {
          "executed_lines": [
            103,
            109,
            111,
            112,
            113,
            114,
            116
          ],
          "summary": {
            "covered_lines": 7,
            "num_statements": 7,
            "percent_covered": 100.0,
            "percent_covered_display": "100",
            "missing_lines": 0,
[...]
            225,
            227,
            229,
            231,
            234,
            236,
            237,
            238,
            239,
            240,
            244,
            246,
            250,
            251,
            252,
            253,
            257,
            258,
            260,
            261,
            262,
            263,
            264,
            265,
            266,
            267,
            268,
            269,
            270,
            272,
            273,
            275,
            276,
            277,
            278,
            280,
            281,
            282,
            290,
            291
          ],
          "excluded_lines": []
        },
        "sample_ktc": {
          "executed_lines": [],
          "summary": {
            "covered_lines": 0,
            "num_statements": 17,
            "percent_covered": 0.0,
            "percent_covered_display": "0",
            "missing_lines": 17,
            "excluded_lines": 0
          },
          "missing_lines": [
            305,
            308,
            309,
            311,
            312,
            313,
            314,
            315,
            316,
            318,
            321,
            322,
            325,
            327,
            328,
            341,
            343
          ],
          "excluded_lines": []
        },
        "_process_projection_output": {
          "executed_lines": [],
          "summary": {
            "covered_lines": 0,
            "num_statements": 13,
            "percent_covered": 0.0,
            "percent_covered_display": "0",
            "missing_lines": 13,
            "excluded_lines": 0
          },
          "missing_lines": [
            357,
            359,
            360,
            361,
            363,
            364,
            365,
            367,
            368,
            370,
            377,
            378,
            382
          ],
          "excluded_lines": []
        },
        "sample_ffanalytics": {
          "executed_lines": [],
          "summary": {
            "covered_lines": 0,
            "num_statements": 22,
            "percent_covered": 0.0,
            "percent_covered_display": "0",
            "missing_lines": 22,
            "excluded_lines": 0
          },
          "missing_lines": [
            415,
            416,
            419,
            420,
            421,
            423,
            426,
            427,
            428,
            430,
            431,
            433,
            434,
            436,
            440,
            441,
            442,
            445,
            446,
            449,
            450,
            452
          ],
          "excluded_lines": []
        },
        "sample_sdio": {
          "executed_lines": [],
          "summary": {
            "covered_lines": 0,
            "num_statements": 12,
            "percent_covered": 0.0,
            "percent_covered_display": "0",
            "missing_lines": 12,
            "excluded_lines": 0
          },
          "missing_lines": [
            458,
            459,
            460,
            461,
            462,
            463,
            464,
            467,
            468,
            469,
            477,
            478
          ],
          "excluded_lines": []
        },
        "main": {
          "executed_lines": [],
          "summary": {
            "covered_lines": 0,
            "num_statements": 52,
            "percent_covered": 0.0,
            "percent_covered_display": "0",
            "missing_lines": 52,
            "excluded_lines": 0
          },
          "missing_lines": [
            484,
            485,
            488,
            489,
            490,
            491,
            492,
            493,
            494,
            497,
            498,
            501,
            502,
            503,
            506,
            507,
            508,
            509,
            510,
            513,
            514,
            515,
            516,
            517,
            520,
            521,
            522,
            523,
            524,
            525,
            526,
            527,
            530,
            531,
            532,
            533,
            535,
            536,
            538,
            539,
            547,
            548,
            549,
            550,
            551,
            552,
            553,
            554,
            563,
            564,
            566,
            568
          ],
          "excluded_lines": []
        },
        "": {
          "executed_lines": [],
          "summary": {
            "covered_lines": 0,
            "num_statements": 28,
            "percent_covered": 0.0,
            "percent_covered_display": "0",
            "missing_lines": 28,
            "excluded_lines": 2
          },
          "missing_lines": [
            50,
            52,
            53,
            54,
            55,
            56,
            58,
            59,
            62,
            63,
            64,
            65,
            66,
            67,
            68,
            70,
            71,
            74,
            80,
            101,
            152,
            162,
            218,
            295,
            346,
            386,
            456,
            482
          ],
          "excluded_lines": [
            571,
            572
          ]
        }
      },
      "classes": {
        "": {
          "executed_lines": [],
          "summary": {
            "covered_lines": 0,
            "num_statements": 248,
            "percent_covered": 0.0,
            "percent_covered_display": "0",
            "missing_lines": 248,
            "excluded_lines": 2
          },
          "missing_lines": [
            50,
            52,
            53,
            54,
            55,
            56,
            58,
            59,
            62,
            63,
            64,
            65,
            66,
            67,
            68,
            70,
            71,
            74,
            75,
            76,
            77,
            80,
            85,
            86,
            87,
            88,
            89,
            90,
            91,
            92,
            93,
            101,
            110,
            112,
            113,
            115,
            116,
            117,
            126,
            128,
            129,
            131,
            135,
            137,
            138,
            139,
            147,
            148,
            152,
            153,
            155,
            156,
            157,
            158,
            159,
            162,
            164,
            165,
            166,
            167,
            169,
            170,
            171,
            172,
            173,
            174,
            175,
            176,
            177,
            178,
            179,
            180,
            182,
            184,
            189,
            203,
            204,
            206,
            208,
            209,
            210,
            213,
            214,
            218,
            220,
            221,
            222,
            225,
            227,
            229,
            231,
            234,
            236,
            237,
            238,
            239,
            240,
            244,
            246,
            250,
            251,
            252,
            253,
            257,
            258,
            260,
            261,
            262,
            263,
            264,
            265,
            266,
            267,
            268,
            269,
            270,
            272,
            273,
            275,
            276,
            277,
            278,
            280,
            281,
            282,
            290,
            291,
            295,
            305,
            308,
            309,
            311,
            312,
            313,
            314,
            315,
            316,
            318,
            321,
            322,
            325,
            327,
            328,
            341,
            343,
            346,
            357,
            359,
            360,
            361,
            363,
            364,
            365,
            367,
            368,
            370,
            377,
            378,
            382,
            386,
            415,
            416,
            419,
            420,
            421,
            423,
            426,
            427,
            428,
            430,
            431,
            433,
            434,
            436,
            440,
            441,
            442,
            445,
            446,
            449,
            450,
            452,
            456,
            458,
            459,
            460,
            461,
            462,
            463,
            464,
            467,
            468,
            469,
            477,
            478,
            482,
            484,
            485,
            488,
            489,
            490,
            491,
            492,
            493,
            494,
            497,
            498,
            501,
            502,
            503,
            506,
            507,
            508,
            509,
            510,
            513,
            514,
            515,
            516,
            517,
            520,
            521,
            522,
            523,
            524,
            525,
            526,
            527,
            530,
            531,
            532,
            533,
            535,
            536,
            538,
            539,
            547,
            548,
            549,
            550,
            551,
            552,
            553,
            554,
            563,
            564,
            566,
            568
          ],
          "excluded_lines": [
            571,
            572
          ]
        }
      }
    },
    "tools/parse_commissioner_local.py": {
      "executed_lines": [],
      "summary": {
        "covered_lines": 0,
        "num_statements": 101,
        "percent_covered": 0.0,
        "percent_covered_display": "0",
        "missing_lines": 101,
        "excluded_lines": 2
      },
      "missing_lines": [
        25,
        27,
        28,
        29,
        30,
        31,
        33,
        34,
        36,
        41,
        44,
        45,
        46,
        48,
        49,
        50,
        51,
        52,
        55,
        56,
        60,
        65,
        66,
        68,
        69,
        71,
        72,
        73,
        74,
        75,
        77,
        78,
        79,
        81,
        82,
        83,
        84,
        85,
        86,
        87,
        89,
        90,
        92,
        93,
        95,
        96,
        97,
        98,
        99,
        101,
        104,
        106,
        111,
        116,
        121,
        124,
        127,
        128,
        129,
        130,
        131,
        132,
        133,
        135,
        140,
        143,
        146,
        151,
        156,
        157,
        159,
        160,
        161,
        176,
        178,
        180,
        183,
        186,
        196,
        197,
        199,
        200,
        201,
        202,
        203,
        204,
        205,
        206,
        207,
        208,
        211,
        212,
        213,
        215,
        216,
        217,
        218,
        219,
        220,
        221,
        222
      ],
      "excluded_lines": [
        225,
        226
      ],
      "functions": {
        "_export_tabs": {
          "executed_lines": [],
          "summary": {
            "covered_lines": 0,
            "num_statements": 39,
            "percent_covered": 0.0,
            "percent_covered_display": "0",
            "missing_lines": 39,
            "excluded_lines": 0
          },
          "missing_lines": [
            45,
            46,
            48,
            49,
            50,
            51,
            52,
            55,
            56,
            60,
            65,
            66,
            68,
            69,
            71,
            72,
            73,
            74,
            75,
            77,
            78,
            79,
            81,
            82,
            83,
            84,
            85,
            86,
            87,
            89,
            90,
            92,
            93,
            95,
            96,
            97,
            98,
            99,
            101
          ],
          "excluded_lines": []
        },
        "_concat": {
          "executed_lines": [],
          "summary": {
            "covered_lines": 0,
            "num_statements": 4,
            "percent_covered": 0.0,
            "percent_covered_display": "0",
            "missing_lines": 4,
            "excluded_lines": 0
          },
          "missing_lines": [
            106,
            111,
            116,
            121
          ],
          "excluded_lines": []
        },
        "main": {
          "executed_lines": [],
          "summary": {
            "covered_lines": 0,
            "num_statements": 45,
            "percent_covered": 0.0,
            "percent_covered_display": "0",
            "missing_lines": 45,
            "excluded_lines": 0
          },
          "missing_lines": [
            127,
            128,
            129,
            130,
            131,
            132,
            133,
            135,
            140,
            143,
            146,
            151,
            156,
            157,
            159,
            160,
            161,
            176,
            178,
            180,
            183,
            186,
            196,
            197,
            199,
            200,
            201,
            202,
            203,
            204,
            205,
            206,
            207,
            208,
            211,
            212,
            213,
            215,
            216,
            217,
            218,
            219,
            220,
            221,
            222
          ],
          "excluded_lines": []
        },
        "": {
          "executed_lines": [],
          "summary": {
            "covered_lines": 0,
            "num_statements": 13,
            "percent_covered": 0.0,
            "percent_covered_display": "0",
            "missing_lines": 13,
            "excluded_lines": 2
          },
          "missing_lines": [
            25,
            27,
            28,
            29,
            30,
            31,
            33,
            34,
            36,
            41,
            44,
            104,
            124
          ],
          "excluded_lines": [
            225,
            226
          ]
        }
      },
      "classes": {
        "": {
          "executed_lines": [],
          "summary": {
            "covered_lines": 0,
            "num_statements": 101,
            "percent_covered": 0.0,
            "percent_covered_display": "0",
            "missing_lines": 101,
            "excluded_lines": 2
          },
          "missing_lines": [
            25,
            27,
            28,
            29,
            30,
            31,
            33,
            34,
            36,
            41,
            44,
            45,
            46,
            48,
            49,
            50,
            51,
            52,
            55,
            56,
            60,
            65,
            66,
            68,
            69,
            71,
            72,
            73,
            74,
            75,
            77,
            78,
            79,
            81,
            82,
            83,
            84,
            85,
            86,
            87,
            89,
            90,
            92,
            93,
            95,
            96,
            97,
            98,
            99,
            101,
            104,
            106,
            111,
            116,
            121,
            124,
            127,
            128,
            129,
            130,
            131,
            132,
            133,
            135,
            140,
            143,
            146,
            151,
            156,
            157,
            159,
            160,
            161,
            176,
            178,
            180,
            183,
            186,
            196,
            197,
            199,
            200,
            201,
            202,
            203,
            204,
            205,
            206,
            207,
            208,
            211,
            212,
            213,
            215,
            216,
            217,
            218,
            219,
            220,
            221,
            222
          ],
          "excluded_lines": [
            225,
            226
          ]
        }
      }
    },
    "tools/smoke_gcs_write.py": {
      "executed_lines": [],
      "summary": {
        "covered_lines": 0,
        "num_statements": 21,
        "percent_covered": 0.0,
        "percent_covered_display": "0",
        "missing_lines": 21,
        "excluded_lines": 2
      },
      "missing_lines": [
        11,
        13,
        14,
        15,
        17,
        18,
        20,
        23,
        26,
        27,
        29,
        34,
        42,
        44,
        45,
        52,
        55,
        57,
        58,
        60,
        61
      ],
      "excluded_lines": [
        64,
        65
      ],
      "functions": {
        "main": {
          "executed_lines": [],
          "summary": {
            "covered_lines": 0,
            "num_statements": 13,
            "percent_covered": 0.0,
            "percent_covered_display": "0",
            "missing_lines": 13,
            "excluded_lines": 0
          },
          "missing_lines": [
            26,
            27,
            29,
            34,
            42,
            44,
            45,
            52,
            55,
            57,
            58,
            60,
            61
          ],
          "excluded_lines": []
        },
        "": {
          "executed_lines": [],
          "summary": {
            "covered_lines": 0,
            "num_statements": 8,
            "percent_covered": 0.0,
            "percent_covered_display": "0",
            "missing_lines": 8,
            "excluded_lines": 2
          },
          "missing_lines": [
            11,
            13,
            14,
            15,
            17,
            18,
            20,
            23
          ],
          "excluded_lines": [
            64,
            65
          ]
        }
      },
      "classes": {
        "": {
          "executed_lines": [],
          "summary": {
            "covered_lines": 0,
            "num_statements": 21,
            "percent_covered": 0.0,
            "percent_covered_display": "0",
            "missing_lines": 21,
            "excluded_lines": 2
          },
          "missing_lines": [
            11,
            13,
            14,
            15,
            17,
            18,
            20,
            23,
            26,
            27,
            29,
            34,
            42,
            44,
            45,
            52,
            55,
            57,
            58,
            60,
            61
          ],
          "excluded_lines": [
            64,
            65
          ]
        }
      }
    }
  },
  "totals": {
    "covered_lines": 573,
    "num_statements": 2008,
    "percent_covered": 28.53585657370518,
    "percent_covered_display": "29",
    "missing_lines": 1435,
    "excluded_lines": 56
  }
}
